<?xml version="1.0" encoding="UTF-8"?>
<!-- Generated by org.testng.reporters.JUnitReportReporter -->
<testsuite hostname="IN3062351W2" failures="0" tests="1" name="restAssuredPack.RestAssuredAPITest" time="0.006" errors="0" timestamp="2023-01-31T13:03:52 IST" skipped="0">
  <testcase classname="restAssuredPack.RestAssuredAPITest" name="f" time="0.006"/>
  <system-out/>
</testsuite> <!-- restAssuredPack.RestAssuredAPITest -->
